----------------------------------------
ARSLAPD0995 3/21/2023 8:49:46 AM -1 : STP.DataAccess.Exceptions.SafeProcedureException: Database Exception Against Database: ORACLE  
 
 With procedure: portal.GET_CONSTRAINT_DETAILS  

 With context info:  Instance type: STP.Domain.RoadNetwork.Constraint.ConstraintModel
 With inner exception message: Year, Month, and Day parameters describe an un-representable DateTime.::System.ArgumentOutOfRangeException: Year, Month, and Day parameters describe an un-representable DateTime.
   at System.DateTime.DateToTicks(Int32 year, Int32 month, Int32 day)
   at Oracle.DataAccess.Types.DateTimeConv.GetDateTime(OpoTSValCtx* pValCtx, OracleDbType oraType, Boolean bCheck)
   at Oracle.DataAccess.Client.OracleDataReader.GetDateTime(Int32 i)
   at Oracle.DataAccess.Client.OracleDataReader.GetValue(Int32 i)
   at Oracle.DataAccess.Client.OracleDataReader.get_Item(String columnName)
   at STP.DataAccess.Mappers.DataRecord.get_Item(String name) in E:\Projects\A.Code\A.Esdal4\esdal4\Libraries\STP.DataAccess\Mappers\DataRecord.cs:line 623
   at STP.DataAccess.Mappers.DataRecord.Get[T](String fieldName) in E:\Projects\A.Code\A.Esdal4\esdal4\Libraries\STP.DataAccess\Mappers\DataRecord.cs:line 1009
   at STP.DataAccess.Mappers.DataRecord.GetLocalDateTime(String strDbDateTime) in E:\Projects\A.Code\A.Esdal4\esdal4\Libraries\STP.DataAccess\Mappers\DataRecord.cs:line 1133
   at STP.DataAccess.Mappers.DataRecord.GetDateTimeOrDefault(String fieldName) in E:\Projects\A.Code\A.Esdal4\esdal4\Libraries\STP.DataAccess\Mappers\DataRecord.cs:line 875
   at STP.RoadNetwork.Persistance.ConstraintDAO.<>c.<GetConstraintDetails>b__16_1(IRecord records, ConstraintModel instance) in E:\Projects\A.Code\A.Esdal4\esdal4\Services\STP.RoadNetwork\Persistance\ConstraintDAO.cs:line 697
   at STP.DataAccess.Provider.OracleProvider.ExecuteAndHydrateInstance[T](T objectInstance, String procedureName, OracleParameterMapper oracleParameterMapper, RecordMapper`1 recordMapper) in E:\Projects\A.Code\A.Esdal4\esdal4\Libraries\STP.DataAccess\Provider\OracleProvider.cs:line 954
----------------------------------------
----------------------------------------
ARSLAPD0995 3/21/2023 9:48:35 AM -1 : STP.DataAccess.Exceptions.SafeProcedureException: Database Exception Against Database: ORACLE  
 
 With procedure: portal.GET_CONSTRAINT_DETAILS  

 With context info:  Instance type: STP.Domain.RoadNetwork.Constraint.ConstraintModel
 With inner exception message: Year, Month, and Day parameters describe an un-representable DateTime.::System.ArgumentOutOfRangeException: Year, Month, and Day parameters describe an un-representable DateTime.
   at System.DateTime.DateToTicks(Int32 year, Int32 month, Int32 day)
   at Oracle.DataAccess.Types.DateTimeConv.GetDateTime(OpoTSValCtx* pValCtx, OracleDbType oraType, Boolean bCheck)
   at Oracle.DataAccess.Client.OracleDataReader.GetDateTime(Int32 i)
   at Oracle.DataAccess.Client.OracleDataReader.GetValue(Int32 i)
   at Oracle.DataAccess.Client.OracleDataReader.get_Item(String columnName)
   at STP.DataAccess.Mappers.DataRecord.get_Item(String name) in E:\Projects\A.Code\A.Esdal4\esdal4\Libraries\STP.DataAccess\Mappers\DataRecord.cs:line 623
   at STP.DataAccess.Mappers.DataRecord.Get[T](String fieldName) in E:\Projects\A.Code\A.Esdal4\esdal4\Libraries\STP.DataAccess\Mappers\DataRecord.cs:line 1009
   at STP.DataAccess.Mappers.DataRecord.GetLocalDateTime(String strDbDateTime) in E:\Projects\A.Code\A.Esdal4\esdal4\Libraries\STP.DataAccess\Mappers\DataRecord.cs:line 1133
   at STP.DataAccess.Mappers.DataRecord.GetDateTimeOrDefault(String fieldName) in E:\Projects\A.Code\A.Esdal4\esdal4\Libraries\STP.DataAccess\Mappers\DataRecord.cs:line 875
   at STP.RoadNetwork.Persistance.ConstraintDAO.<>c.<GetConstraintDetails>b__16_1(IRecord records, ConstraintModel instance) in E:\Projects\A.Code\A.Esdal4\esdal4\Services\STP.RoadNetwork\Persistance\ConstraintDAO.cs:line 697
   at STP.DataAccess.Provider.OracleProvider.ExecuteAndHydrateInstance[T](T objectInstance, String procedureName, OracleParameterMapper oracleParameterMapper, RecordMapper`1 recordMapper) in E:\Projects\A.Code\A.Esdal4\esdal4\Libraries\STP.DataAccess\Provider\OracleProvider.cs:line 954
----------------------------------------
----------------------------------------
ARSLAPD0995 3/21/2023 9:52:07 AM -1 : STP.DataAccess.Exceptions.SafeProcedureException: Database Exception Against Database: ORACLE  
 
 With procedure: portal.GET_CONSTRAINT_DETAILS  

 With context info:  Instance type: STP.Domain.RoadNetwork.Constraint.ConstraintModel
 With inner exception message: Year, Month, and Day parameters describe an un-representable DateTime.::System.ArgumentOutOfRangeException: Year, Month, and Day parameters describe an un-representable DateTime.
   at System.DateTime.DateToTicks(Int32 year, Int32 month, Int32 day)
   at Oracle.DataAccess.Types.DateTimeConv.GetDateTime(OpoTSValCtx* pValCtx, OracleDbType oraType, Boolean bCheck)
   at Oracle.DataAccess.Client.OracleDataReader.GetDateTime(Int32 i)
   at Oracle.DataAccess.Client.OracleDataReader.GetValue(Int32 i)
   at Oracle.DataAccess.Client.OracleDataReader.get_Item(String columnName)
   at STP.DataAccess.Mappers.DataRecord.get_Item(String name) in E:\Projects\A.Code\A.Esdal4\esdal4\Libraries\STP.DataAccess\Mappers\DataRecord.cs:line 623
   at STP.DataAccess.Mappers.DataRecord.Get[T](String fieldName) in E:\Projects\A.Code\A.Esdal4\esdal4\Libraries\STP.DataAccess\Mappers\DataRecord.cs:line 1009
   at STP.DataAccess.Mappers.DataRecord.GetLocalDateTime(String strDbDateTime) in E:\Projects\A.Code\A.Esdal4\esdal4\Libraries\STP.DataAccess\Mappers\DataRecord.cs:line 1133
   at STP.DataAccess.Mappers.DataRecord.GetDateTimeOrDefault(String fieldName) in E:\Projects\A.Code\A.Esdal4\esdal4\Libraries\STP.DataAccess\Mappers\DataRecord.cs:line 875
   at STP.RoadNetwork.Persistance.ConstraintDAO.<>c.<GetConstraintDetails>b__16_1(IRecord records, ConstraintModel instance) in E:\Projects\A.Code\A.Esdal4\esdal4\Services\STP.RoadNetwork\Persistance\ConstraintDAO.cs:line 697
   at STP.DataAccess.Provider.OracleProvider.ExecuteAndHydrateInstance[T](T objectInstance, String procedureName, OracleParameterMapper oracleParameterMapper, RecordMapper`1 recordMapper) in E:\Projects\A.Code\A.Esdal4\esdal4\Libraries\STP.DataAccess\Provider\OracleProvider.cs:line 954
----------------------------------------
----------------------------------------
ARSLAPD0995 3/21/2023 9:52:19 AM -1 : STP.DataAccess.Exceptions.SafeProcedureException: Database Exception Against Database: ORACLE  
 
 With procedure: portal.GET_CONSTRAINT_DETAILS  

 With context info:  Instance type: STP.Domain.RoadNetwork.Constraint.ConstraintModel
 With inner exception message: Year, Month, and Day parameters describe an un-representable DateTime.::System.ArgumentOutOfRangeException: Year, Month, and Day parameters describe an un-representable DateTime.
   at System.DateTime.DateToTicks(Int32 year, Int32 month, Int32 day)
   at Oracle.DataAccess.Types.DateTimeConv.GetDateTime(OpoTSValCtx* pValCtx, OracleDbType oraType, Boolean bCheck)
   at Oracle.DataAccess.Client.OracleDataReader.GetDateTime(Int32 i)
   at Oracle.DataAccess.Client.OracleDataReader.GetValue(Int32 i)
   at Oracle.DataAccess.Client.OracleDataReader.get_Item(String columnName)
   at STP.DataAccess.Mappers.DataRecord.get_Item(String name) in E:\Projects\A.Code\A.Esdal4\esdal4\Libraries\STP.DataAccess\Mappers\DataRecord.cs:line 623
   at STP.DataAccess.Mappers.DataRecord.Get[T](String fieldName) in E:\Projects\A.Code\A.Esdal4\esdal4\Libraries\STP.DataAccess\Mappers\DataRecord.cs:line 1009
   at STP.DataAccess.Mappers.DataRecord.GetLocalDateTime(String strDbDateTime) in E:\Projects\A.Code\A.Esdal4\esdal4\Libraries\STP.DataAccess\Mappers\DataRecord.cs:line 1133
   at STP.DataAccess.Mappers.DataRecord.GetDateTimeOrDefault(String fieldName) in E:\Projects\A.Code\A.Esdal4\esdal4\Libraries\STP.DataAccess\Mappers\DataRecord.cs:line 875
   at STP.RoadNetwork.Persistance.ConstraintDAO.<>c.<GetConstraintDetails>b__16_1(IRecord records, ConstraintModel instance) in E:\Projects\A.Code\A.Esdal4\esdal4\Services\STP.RoadNetwork\Persistance\ConstraintDAO.cs:line 697
   at STP.DataAccess.Provider.OracleProvider.ExecuteAndHydrateInstance[T](T objectInstance, String procedureName, OracleParameterMapper oracleParameterMapper, RecordMapper`1 recordMapper) in E:\Projects\A.Code\A.Esdal4\esdal4\Libraries\STP.DataAccess\Provider\OracleProvider.cs:line 954
----------------------------------------
----------------------------------------
ARSLAPD0995 3/21/2023 9:57:24 AM -1 : STP.DataAccess.Exceptions.SafeProcedureException: Database Exception Against Database: ORACLE  
 
 With procedure: portal.GET_CONSTRAINT_DETAILS  

 With context info:  Instance type: STP.Domain.RoadNetwork.Constraint.ConstraintModel
 With inner exception message: Year, Month, and Day parameters describe an un-representable DateTime.::System.ArgumentOutOfRangeException: Year, Month, and Day parameters describe an un-representable DateTime.
   at System.DateTime.DateToTicks(Int32 year, Int32 month, Int32 day)
   at Oracle.DataAccess.Types.DateTimeConv.GetDateTime(OpoTSValCtx* pValCtx, OracleDbType oraType, Boolean bCheck)
   at Oracle.DataAccess.Client.OracleDataReader.GetDateTime(Int32 i)
   at Oracle.DataAccess.Client.OracleDataReader.GetValue(Int32 i)
   at Oracle.DataAccess.Client.OracleDataReader.get_Item(String columnName)
   at STP.DataAccess.Mappers.DataRecord.get_Item(String name) in E:\Projects\A.Code\A.Esdal4\esdal4\Libraries\STP.DataAccess\Mappers\DataRecord.cs:line 623
   at STP.DataAccess.Mappers.DataRecord.Get[T](String fieldName) in E:\Projects\A.Code\A.Esdal4\esdal4\Libraries\STP.DataAccess\Mappers\DataRecord.cs:line 1009
   at STP.DataAccess.Mappers.DataRecord.GetLocalDateTime(String strDbDateTime) in E:\Projects\A.Code\A.Esdal4\esdal4\Libraries\STP.DataAccess\Mappers\DataRecord.cs:line 1133
   at STP.DataAccess.Mappers.DataRecord.GetDateTimeOrDefault(String fieldName) in E:\Projects\A.Code\A.Esdal4\esdal4\Libraries\STP.DataAccess\Mappers\DataRecord.cs:line 875
   at STP.RoadNetwork.Persistance.ConstraintDAO.<>c.<GetConstraintDetails>b__16_1(IRecord records, ConstraintModel instance) in E:\Projects\A.Code\A.Esdal4\esdal4\Services\STP.RoadNetwork\Persistance\ConstraintDAO.cs:line 697
   at STP.DataAccess.Provider.OracleProvider.ExecuteAndHydrateInstance[T](T objectInstance, String procedureName, OracleParameterMapper oracleParameterMapper, RecordMapper`1 recordMapper) in E:\Projects\A.Code\A.Esdal4\esdal4\Libraries\STP.DataAccess\Provider\OracleProvider.cs:line 954
----------------------------------------
----------------------------------------
ARSLAPD0995 3/21/2023 9:58:26 AM -1 : STP.DataAccess.Exceptions.SafeProcedureException: Database Exception Against Database: ORACLE  
 
 With procedure: portal.GET_CONSTRAINT_DETAILS  

 With context info:  Instance type: STP.Domain.RoadNetwork.Constraint.ConstraintModel
 With inner exception message: Year, Month, and Day parameters describe an un-representable DateTime.::System.ArgumentOutOfRangeException: Year, Month, and Day parameters describe an un-representable DateTime.
   at System.DateTime.DateToTicks(Int32 year, Int32 month, Int32 day)
   at Oracle.DataAccess.Types.DateTimeConv.GetDateTime(OpoTSValCtx* pValCtx, OracleDbType oraType, Boolean bCheck)
   at Oracle.DataAccess.Client.OracleDataReader.GetDateTime(Int32 i)
   at Oracle.DataAccess.Client.OracleDataReader.GetValue(Int32 i)
   at Oracle.DataAccess.Client.OracleDataReader.get_Item(String columnName)
   at STP.DataAccess.Mappers.DataRecord.get_Item(String name) in E:\Projects\A.Code\A.Esdal4\esdal4\Libraries\STP.DataAccess\Mappers\DataRecord.cs:line 623
   at STP.DataAccess.Mappers.DataRecord.Get[T](String fieldName) in E:\Projects\A.Code\A.Esdal4\esdal4\Libraries\STP.DataAccess\Mappers\DataRecord.cs:line 1009
   at STP.DataAccess.Mappers.DataRecord.GetLocalDateTime(String strDbDateTime) in E:\Projects\A.Code\A.Esdal4\esdal4\Libraries\STP.DataAccess\Mappers\DataRecord.cs:line 1133
   at STP.DataAccess.Mappers.DataRecord.GetDateTimeOrDefault(String fieldName) in E:\Projects\A.Code\A.Esdal4\esdal4\Libraries\STP.DataAccess\Mappers\DataRecord.cs:line 875
   at STP.RoadNetwork.Persistance.ConstraintDAO.<>c.<GetConstraintDetails>b__16_1(IRecord records, ConstraintModel instance) in E:\Projects\A.Code\A.Esdal4\esdal4\Services\STP.RoadNetwork\Persistance\ConstraintDAO.cs:line 697
   at STP.DataAccess.Provider.OracleProvider.ExecuteAndHydrateInstance[T](T objectInstance, String procedureName, OracleParameterMapper oracleParameterMapper, RecordMapper`1 recordMapper) in E:\Projects\A.Code\A.Esdal4\esdal4\Libraries\STP.DataAccess\Provider\OracleProvider.cs:line 954
----------------------------------------
----------------------------------------
ARSLAPD0995 3/21/2023 9:58:54 AM -1 : STP.DataAccess.Exceptions.SafeProcedureException: Database Exception Against Database: ORACLE  
 
 With procedure: portal.GET_CONSTRAINT_DETAILS  

 With context info:  Instance type: STP.Domain.RoadNetwork.Constraint.ConstraintModel
 With inner exception message: ORA-03135: connection lost contact
Process ID: 24892
Session ID: 270 Serial number: 33543::Oracle.DataAccess.Client.OracleException (0x80004005): ORA-03135: connection lost contact
Process ID: 24892
Session ID: 270 Serial number: 33543
   at Oracle.DataAccess.Client.OracleException.HandleErrorHelper(Int32 errCode, OracleConnection conn, IntPtr opsErrCtx, OpoSqlValCtx* pOpoSqlValCtx, Object src, String procedure, Boolean bCheck, Int32 isRecoverable, OracleLogicalTransaction m_OracleLogicalTransaction)
   at Oracle.DataAccess.Client.OracleException.HandleError(Int32 errCode, OracleConnection conn, String procedure, IntPtr opsErrCtx, OpoSqlValCtx* pOpoSqlValCtx, Object src, Boolean bCheck, OracleLogicalTransaction m_OracleLogicalTransaction)
   at Oracle.DataAccess.Client.OracleCommand.ExecuteReader(Boolean requery, Boolean fillRequest, CommandBehavior behavior)
   at Oracle.DataAccess.Client.OracleCommand.ExecuteReader(CommandBehavior behavior)
   at STP.DataAccess.Provider.OracleProvider.ExecuteReader(OracleConnection connection, OracleTransaction transaction, OracleCommand oracleCommand, OracleConnectionOwnership connectionOwnership) in E:\Projects\A.Code\A.Esdal4\esdal4\Libraries\STP.DataAccess\Provider\OracleProvider.cs:line 1995
   at STP.DataAccess.Provider.OracleProvider.ExecuteAndHydrateInstance[T](T objectInstance, String procedureName, OracleParameterMapper oracleParameterMapper, RecordMapper`1 recordMapper) in E:\Projects\A.Code\A.Esdal4\esdal4\Libraries\STP.DataAccess\Provider\OracleProvider.cs:line 949
----------------------------------------
----------------------------------------
ARSLAPD0995 3/21/2023 10:00:42 AM -1 : STP.DataAccess.Exceptions.SafeProcedureException: Database Exception Against Database: ORACLE  
 
 With procedure: portal.GET_CONSTRAINT_DETAILS  

 With context info:  Instance type: STP.Domain.RoadNetwork.Constraint.ConstraintModel
 With inner exception message: Year, Month, and Day parameters describe an un-representable DateTime.::System.ArgumentOutOfRangeException: Year, Month, and Day parameters describe an un-representable DateTime.
   at System.DateTime.DateToTicks(Int32 year, Int32 month, Int32 day)
   at Oracle.DataAccess.Types.DateTimeConv.GetDateTime(OpoTSValCtx* pValCtx, OracleDbType oraType, Boolean bCheck)
   at Oracle.DataAccess.Client.OracleDataReader.GetDateTime(Int32 i)
   at Oracle.DataAccess.Client.OracleDataReader.GetValue(Int32 i)
   at Oracle.DataAccess.Client.OracleDataReader.get_Item(String columnName)
   at STP.DataAccess.Mappers.DataRecord.get_Item(String name) in E:\Projects\A.Code\A.Esdal4\esdal4\Libraries\STP.DataAccess\Mappers\DataRecord.cs:line 623
   at STP.DataAccess.Mappers.DataRecord.Get[T](String fieldName) in E:\Projects\A.Code\A.Esdal4\esdal4\Libraries\STP.DataAccess\Mappers\DataRecord.cs:line 1009
   at STP.DataAccess.Mappers.DataRecord.GetLocalDateTime(String strDbDateTime) in E:\Projects\A.Code\A.Esdal4\esdal4\Libraries\STP.DataAccess\Mappers\DataRecord.cs:line 1133
   at STP.DataAccess.Mappers.DataRecord.GetDateTimeOrDefault(String fieldName) in E:\Projects\A.Code\A.Esdal4\esdal4\Libraries\STP.DataAccess\Mappers\DataRecord.cs:line 875
   at STP.RoadNetwork.Persistance.ConstraintDAO.<>c.<GetConstraintDetails>b__16_1(IRecord records, ConstraintModel instance) in E:\Projects\A.Code\A.Esdal4\esdal4\Services\STP.RoadNetwork\Persistance\ConstraintDAO.cs:line 697
   at STP.DataAccess.Provider.OracleProvider.ExecuteAndHydrateInstance[T](T objectInstance, String procedureName, OracleParameterMapper oracleParameterMapper, RecordMapper`1 recordMapper) in E:\Projects\A.Code\A.Esdal4\esdal4\Libraries\STP.DataAccess\Provider\OracleProvider.cs:line 954
----------------------------------------
----------------------------------------
ARSLAPD0995 3/21/2023 10:04:39 AM -1 : STP.DataAccess.Exceptions.SafeProcedureException: Database Exception Against Database: ORACLE  
 
 With procedure: portal.GET_CONSTRAINT_DETAILS  

 With context info:  Instance type: STP.Domain.RoadNetwork.Constraint.ConstraintModel
 With inner exception message: Year, Month, and Day parameters describe an un-representable DateTime.::System.ArgumentOutOfRangeException: Year, Month, and Day parameters describe an un-representable DateTime.
   at System.DateTime.DateToTicks(Int32 year, Int32 month, Int32 day)
   at Oracle.DataAccess.Types.DateTimeConv.GetDateTime(OpoTSValCtx* pValCtx, OracleDbType oraType, Boolean bCheck)
   at Oracle.DataAccess.Client.OracleDataReader.GetDateTime(Int32 i)
   at Oracle.DataAccess.Client.OracleDataReader.GetValue(Int32 i)
   at Oracle.DataAccess.Client.OracleDataReader.get_Item(String columnName)
   at STP.DataAccess.Mappers.DataRecord.get_Item(String name) in E:\Projects\A.Code\A.Esdal4\esdal4\Libraries\STP.DataAccess\Mappers\DataRecord.cs:line 623
   at STP.DataAccess.Mappers.DataRecord.Get[T](String fieldName) in E:\Projects\A.Code\A.Esdal4\esdal4\Libraries\STP.DataAccess\Mappers\DataRecord.cs:line 1009
   at STP.DataAccess.Mappers.DataRecord.GetLocalDateTime(String strDbDateTime) in E:\Projects\A.Code\A.Esdal4\esdal4\Libraries\STP.DataAccess\Mappers\DataRecord.cs:line 1133
   at STP.DataAccess.Mappers.DataRecord.GetDateTimeOrDefault(String fieldName) in E:\Projects\A.Code\A.Esdal4\esdal4\Libraries\STP.DataAccess\Mappers\DataRecord.cs:line 875
   at STP.RoadNetwork.Persistance.ConstraintDAO.<>c.<GetConstraintDetails>b__16_1(IRecord records, ConstraintModel instance) in E:\Projects\A.Code\A.Esdal4\esdal4\Services\STP.RoadNetwork\Persistance\ConstraintDAO.cs:line 697
   at STP.DataAccess.Provider.OracleProvider.ExecuteAndHydrateInstance[T](T objectInstance, String procedureName, OracleParameterMapper oracleParameterMapper, RecordMapper`1 recordMapper) in E:\Projects\A.Code\A.Esdal4\esdal4\Libraries\STP.DataAccess\Provider\OracleProvider.cs:line 954
----------------------------------------
----------------------------------------
ARSLAPD0995 3/21/2023 10:10:58 AM -1 : STP.DataAccess.Exceptions.SafeProcedureException: Database Exception Against Database: ORACLE  
 
 With procedure: portal.GET_CONSTRAINT_DETAILS  

 With context info:  Instance type: STP.Domain.RoadNetwork.Constraint.ConstraintModel
 With inner exception message: ORA-03135: connection lost contact
Process ID: 25666
Session ID: 496 Serial number: 29324::Oracle.DataAccess.Client.OracleException (0x80004005): ORA-03135: connection lost contact
Process ID: 25666
Session ID: 496 Serial number: 29324
   at Oracle.DataAccess.Client.OracleException.HandleErrorHelper(Int32 errCode, OracleConnection conn, IntPtr opsErrCtx, OpoSqlValCtx* pOpoSqlValCtx, Object src, String procedure, Boolean bCheck, Int32 isRecoverable, OracleLogicalTransaction m_OracleLogicalTransaction)
   at Oracle.DataAccess.Client.OracleException.HandleError(Int32 errCode, OracleConnection conn, String procedure, IntPtr opsErrCtx, OpoSqlValCtx* pOpoSqlValCtx, Object src, Boolean bCheck, OracleLogicalTransaction m_OracleLogicalTransaction)
   at Oracle.DataAccess.Client.OracleCommand.ExecuteReader(Boolean requery, Boolean fillRequest, CommandBehavior behavior)
   at Oracle.DataAccess.Client.OracleCommand.ExecuteReader(CommandBehavior behavior)
   at STP.DataAccess.Provider.OracleProvider.ExecuteReader(OracleConnection connection, OracleTransaction transaction, OracleCommand oracleCommand, OracleConnectionOwnership connectionOwnership) in E:\Projects\A.Code\A.Esdal4\esdal4\Libraries\STP.DataAccess\Provider\OracleProvider.cs:line 1995
   at STP.DataAccess.Provider.OracleProvider.ExecuteAndHydrateInstance[T](T objectInstance, String procedureName, OracleParameterMapper oracleParameterMapper, RecordMapper`1 recordMapper) in E:\Projects\A.Code\A.Esdal4\esdal4\Libraries\STP.DataAccess\Provider\OracleProvider.cs:line 949
----------------------------------------
